F:\MYGIT\GIT\LUA-5.2.3\VSLUA\VSLUA\VSLUA\DEBUG\LIOLIB.OBJ
F:\MYGIT\GIT\LUA-5.2.3\VSLUA\VSLUA\VSLUA\DEBUG\LLEX.OBJ
F:\MYGIT\GIT\LUA-5.2.3\VSLUA\VSLUA\VSLUA\DEBUG\LMATHLIB.OBJ
F:\MYGIT\GIT\LUA-5.2.3\VSLUA\VSLUA\VSLUA\DEBUG\LMEM.OBJ
F:\MYGIT\GIT\LUA-5.2.3\VSLUA\VSLUA\VSLUA\DEBUG\LOADLIB.OBJ
F:\MYGIT\GIT\LUA-5.2.3\VSLUA\VSLUA\VSLUA\DEBUG\LOBJECT.OBJ
F:\MYGIT\GIT\LUA-5.2.3\VSLUA\VSLUA\VSLUA\DEBUG\LOPCODES.OBJ
F:\MYGIT\GIT\LUA-5.2.3\VSLUA\VSLUA\VSLUA\DEBUG\LOSLIB.OBJ
F:\MYGIT\GIT\LUA-5.2.3\VSLUA\VSLUA\VSLUA\DEBUG\LSTRING.OBJ
F:\MYGIT\GIT\LUA-5.2.3\VSLUA\VSLUA\VSLUA\DEBUG\LSTRLIB.OBJ
F:\MYGIT\GIT\LUA-5.2.3\VSLUA\VSLUA\VSLUA\DEBUG\LTABLE.OBJ
F:\MYGIT\GIT\LUA-5.2.3\VSLUA\VSLUA\VSLUA\DEBUG\LTABLIB.OBJ
F:\MYGIT\GIT\LUA-5.2.3\VSLUA\VSLUA\VSLUA\DEBUG\LTM.OBJ
F:\MYGIT\GIT\LUA-5.2.3\VSLUA\VSLUA\VSLUA\DEBUG\LUAC.OBJ
F:\MYGIT\GIT\LUA-5.2.3\VSLUA\VSLUA\VSLUA\DEBUG\LUNDUMP.OBJ
F:\MYGIT\GIT\LUA-5.2.3\VSLUA\VSLUA\VSLUA\DEBUG\LZIO.OBJ
F:\MYGIT\GIT\LUA-5.2.3\VSLUA\VSLUA\VSLUA\DEBUG\LAUXLIB.OBJ
F:\MYGIT\GIT\LUA-5.2.3\VSLUA\VSLUA\VSLUA\DEBUG\LBASELIB.OBJ
F:\MYGIT\GIT\LUA-5.2.3\VSLUA\VSLUA\VSLUA\DEBUG\LBITLIB.OBJ
F:\MYGIT\GIT\LUA-5.2.3\VSLUA\VSLUA\VSLUA\DEBUG\LCODE.OBJ
F:\MYGIT\GIT\LUA-5.2.3\VSLUA\VSLUA\VSLUA\DEBUG\LCOROLIB.OBJ
F:\MYGIT\GIT\LUA-5.2.3\VSLUA\VSLUA\VSLUA\DEBUG\LCTYPE.OBJ
F:\MYGIT\GIT\LUA-5.2.3\VSLUA\VSLUA\VSLUA\DEBUG\LDBLIB.OBJ
F:\MYGIT\GIT\LUA-5.2.3\VSLUA\VSLUA\VSLUA\DEBUG\LDEBUG.OBJ
F:\MYGIT\GIT\LUA-5.2.3\VSLUA\VSLUA\VSLUA\DEBUG\LDO.OBJ
F:\MYGIT\GIT\LUA-5.2.3\VSLUA\VSLUA\VSLUA\DEBUG\LDUMP.OBJ
F:\MYGIT\GIT\LUA-5.2.3\VSLUA\VSLUA\VSLUA\DEBUG\LFUNC.OBJ
F:\MYGIT\GIT\LUA-5.2.3\VSLUA\VSLUA\VSLUA\DEBUG\LGC.OBJ
F:\MYGIT\GIT\LUA-5.2.3\VSLUA\VSLUA\VSLUA\DEBUG\LINIT.OBJ
F:\MYGIT\GIT\LUA-5.2.3\VSLUA\VSLUA\VSLUA\DEBUG\VC110.PDB
F:\MYGIT\GIT\LUA-5.2.3\VSLUA\VSLUA\VSLUA\DEBUG\LVM.OBJ
F:\MYGIT\GIT\LUA-5.2.3\VSLUA\VSLUA\VSLUA\DEBUG\LUA.OBJ
F:\MYGIT\GIT\LUA-5.2.3\VSLUA\VSLUA\VSLUA\DEBUG\STDAFX.OBJ
F:\MYGIT\GIT\LUA-5.2.3\VSLUA\VSLUA\VSLUA\DEBUG\VSLUA.OBJ
F:\MYGIT\GIT\LUA-5.2.3\VSLUA\VSLUA\VSLUA\DEBUG\LAPI.OBJ
F:\MYGIT\GIT\LUA-5.2.3\VSLUA\VSLUA\VSLUA\DEBUG\LPARSER.OBJ
F:\MYGIT\GIT\LUA-5.2.3\VSLUA\VSLUA\VSLUA\DEBUG\LSTATE.OBJ
F:\MyGit\Git\lua-5.2.3\VsLua\VsLua\VsLua\Debug\lapi.obj
F:\MyGit\Git\lua-5.2.3\VsLua\VsLua\VsLua\Debug\lauxlib.obj
F:\MyGit\Git\lua-5.2.3\VsLua\VsLua\VsLua\Debug\lbaselib.obj
F:\MyGit\Git\lua-5.2.3\VsLua\VsLua\VsLua\Debug\lbitlib.obj
F:\MyGit\Git\lua-5.2.3\VsLua\VsLua\VsLua\Debug\lcode.obj
F:\MyGit\Git\lua-5.2.3\VsLua\VsLua\VsLua\Debug\lcorolib.obj
F:\MyGit\Git\lua-5.2.3\VsLua\VsLua\VsLua\Debug\lctype.obj
F:\MyGit\Git\lua-5.2.3\VsLua\VsLua\VsLua\Debug\ldblib.obj
F:\MyGit\Git\lua-5.2.3\VsLua\VsLua\VsLua\Debug\ldebug.obj
F:\MyGit\Git\lua-5.2.3\VsLua\VsLua\VsLua\Debug\ldo.obj
F:\MyGit\Git\lua-5.2.3\VsLua\VsLua\VsLua\Debug\ldump.obj
F:\MyGit\Git\lua-5.2.3\VsLua\VsLua\VsLua\Debug\lfunc.obj
F:\MyGit\Git\lua-5.2.3\VsLua\VsLua\VsLua\Debug\lgc.obj
F:\MyGit\Git\lua-5.2.3\VsLua\VsLua\VsLua\Debug\linit.obj
F:\MyGit\Git\lua-5.2.3\VsLua\VsLua\VsLua\Debug\liolib.obj
F:\MyGit\Git\lua-5.2.3\VsLua\VsLua\VsLua\Debug\llex.obj
F:\MyGit\Git\lua-5.2.3\VsLua\VsLua\VsLua\Debug\lmathlib.obj
F:\MyGit\Git\lua-5.2.3\VsLua\VsLua\VsLua\Debug\lmem.obj
F:\MyGit\Git\lua-5.2.3\VsLua\VsLua\VsLua\Debug\loadlib.obj
F:\MyGit\Git\lua-5.2.3\VsLua\VsLua\VsLua\Debug\lobject.obj
F:\MyGit\Git\lua-5.2.3\VsLua\VsLua\VsLua\Debug\lopcodes.obj
F:\MyGit\Git\lua-5.2.3\VsLua\VsLua\VsLua\Debug\loslib.obj
F:\MyGit\Git\lua-5.2.3\VsLua\VsLua\VsLua\Debug\lparser.obj
F:\MyGit\Git\lua-5.2.3\VsLua\VsLua\VsLua\Debug\lstate.obj
F:\MyGit\Git\lua-5.2.3\VsLua\VsLua\VsLua\Debug\lstring.obj
F:\MyGit\Git\lua-5.2.3\VsLua\VsLua\VsLua\Debug\lstrlib.obj
F:\MyGit\Git\lua-5.2.3\VsLua\VsLua\VsLua\Debug\ltable.obj
F:\MyGit\Git\lua-5.2.3\VsLua\VsLua\VsLua\Debug\ltablib.obj
F:\MyGit\Git\lua-5.2.3\VsLua\VsLua\VsLua\Debug\ltm.obj
F:\MyGit\Git\lua-5.2.3\VsLua\VsLua\VsLua\Debug\lua.obj
F:\MyGit\Git\lua-5.2.3\VsLua\VsLua\VsLua\Debug\luac.obj
F:\MyGit\Git\lua-5.2.3\VsLua\VsLua\VsLua\Debug\lundump.obj
F:\MyGit\Git\lua-5.2.3\VsLua\VsLua\VsLua\Debug\lvm.obj
F:\MyGit\Git\lua-5.2.3\VsLua\VsLua\VsLua\Debug\lzio.obj
F:\MyGit\Git\lua-5.2.3\VsLua\VsLua\VsLua\Debug\stdafx.obj
F:\MyGit\Git\lua-5.2.3\VsLua\VsLua\VsLua\Debug\VsLua.obj
F:\MyGit\Git\lua-5.2.3\VsLua\VsLua\VsLua\Debug\cl.command.1.tlog
F:\MyGit\Git\lua-5.2.3\VsLua\VsLua\VsLua\Debug\CL.read.1.tlog
F:\MyGit\Git\lua-5.2.3\VsLua\VsLua\VsLua\Debug\CL.write.1.tlog
F:\MyGit\Git\lua-5.2.3\VsLua\VsLua\VsLua\Debug\link-cvtres.read.1.tlog
F:\MyGit\Git\lua-5.2.3\VsLua\VsLua\VsLua\Debug\link-cvtres.write.1.tlog
F:\MyGit\Git\lua-5.2.3\VsLua\VsLua\VsLua\Debug\link-rc.read.1.tlog
F:\MyGit\Git\lua-5.2.3\VsLua\VsLua\VsLua\Debug\link-rc.write.1.tlog
F:\MyGit\Git\lua-5.2.3\VsLua\VsLua\VsLua\Debug\link.command.1.tlog
F:\MyGit\Git\lua-5.2.3\VsLua\VsLua\VsLua\Debug\link.read.1.tlog
F:\MyGit\Git\lua-5.2.3\VsLua\VsLua\VsLua\Debug\link.write.1.tlog
F:\MyGit\Git\lua-5.2.3\VsLua\VsLua\VsLua\Debug\vc110.idb
F:\MyGit\Git\lua-5.2.3\VsLua\VsLua\VsLua\Debug\vc110.pdb
F:\MyGit\Git\lua-5.2.3\VsLua\VsLua\Debug\VsLua.pdb
